<?xml version="1.0" encoding="UTF-8"?>
<testsuite xmlns:xsi="http://www.w3.org/2001/XMLSchema-instance" xsi:noNamespaceSchemaLocation="https://maven.apache.org/surefire/maven-surefire-plugin/xsd/surefire-test-report.xsd" name="com.liu.spring.repository.StudentRespositoryTest" time="7.885" tests="2" errors="0" skipped="0" failures="0">
  <properties>
[...]
</properties>
  <testcase name="findAll" classname="com.liu.spring.repository.StudentRespositoryTest" time="0.6"/>
  <testcase name="count" classname="com.liu.spring.repository.StudentRespositoryTest" time="0.039"/>
</testsuite>